<?xml version="1.0" encoding="UTF-8"?>
<!-- Generated by org.testng.reporters.JUnitXMLReporter -->
<testsuite hostname="WTC-767053-L1" ignored="4" name="Test" tests="1" failures="0" timestamp="22 Feb 2019 05:53:23 GMT" time="0.037" errors="0">
  <testcase name="f11" time="0.008" classname="pract.P1"/>
  <testcase name="f12" time="0.0" classname="pract.P1">
    <ignored/>
  </testcase> <!-- f12 -->
  <testcase name="f13" time="0.0" classname="pract.P1">
    <ignored/>
  </testcase> <!-- f13 -->
  <testcase name="f10" time="0.0" classname="pract.P1">
    <ignored/>
  </testcase> <!-- f10 -->
  <testcase name="f3" time="0.0" classname="pract.P1">
    <ignored/>
  </testcase> <!-- f3 -->
</testsuite> <!-- Test -->
