<?xml version="1.0" encoding="UTF-8"?>
<!-- Generated by org.testng.reporters.JUnitXMLReporter -->
<testsuite hostname="WTC-767053-L1" ignored="0" name="Default test" tests="5" failures="0" timestamp="22 Feb 2019 05:36:56 GMT" time="0.085" errors="0">
  <testcase name="f11" time="0.012" classname="pract.P1"/>
  <testcase name="f12" time="0.004" classname="pract.P1"/>
  <testcase name="f13" time="0.004" classname="pract.P1"/>
  <testcase name="f3" time="0.004" classname="pract.P1"/>
  <testcase name="f10" time="0.0" classname="pract.P1"/>
</testsuite> <!-- Default test -->
